-------------------------------------------------------------------------------
Test set: edu.utdallas.cs3354.team15.foundation.HandTest
-------------------------------------------------------------------------------
Tests run: 4, Failures: 1, Errors: 0, Skipped: 0, Time elapsed: 0.002 s <<< FAILURE! - in edu.utdallas.cs3354.team15.foundation.HandTest
test_selectCard(edu.utdallas.cs3354.team15.foundation.HandTest)  Time elapsed: 0.001 s  <<< FAILURE!
java.lang.AssertionError: Card1 not removed from hand expected:<edu.utdallas.cs3354.team15.foundation.Card@351d0846> but was:<null>
	at edu.utdallas.cs3354.team15.foundation.HandTest.test_selectCard(HandTest.java:63)

