-------------------------------------------------------------------------------
Test set: edu.utdallas.cs3354.team15.foundation.PlayerTest
-------------------------------------------------------------------------------
Tests run: 11, Failures: 0, Errors: 1, Skipped: 0, Time elapsed: 0.002 s <<< FAILURE! - in edu.utdallas.cs3354.team15.foundation.PlayerTest
test_resetHand(edu.utdallas.cs3354.team15.foundation.PlayerTest)  Time elapsed: 0 s  <<< ERROR!
java.lang.IndexOutOfBoundsException: Index 0 out of bounds for length 0
	at edu.utdallas.cs3354.team15.foundation.PlayerTest.test_resetHand(PlayerTest.java:92)

